<?xml version="1.0" encoding="utf-8"?><testsuites name="pytest tests"><testsuite name="pytest" errors="0" failures="0" skipped="0" tests="10" time="105.386" timestamp="2026-03-17T11:34:02.676108+00:00" hostname="agent-env-b0204eba-0b9c-45bd-9ff3-df746371ae8f"><testcase classname="backend.tests.test_daily_voice_briefing.TestDailyVoiceBriefingFeature" name="test_daily_briefing_audio_endpoint_exists" time="21.761" /><testcase classname="backend.tests.test_daily_voice_briefing.TestDailyVoiceBriefingFeature" name="test_daily_briefing_audio_returns_audio_mpeg" time="20.453" /><testcase classname="backend.tests.test_daily_voice_briefing.TestDailyVoiceBriefingFeature" name="test_daily_briefing_audio_returns_valid_size" time="20.038" /><testcase classname="backend.tests.test_daily_voice_briefing.TestDailyVoiceBriefingFeature" name="test_daily_briefing_audio_no_auth_required" time="23.324" /><testcase classname="backend.tests.test_daily_voice_briefing.TestNarrateReportRegression" name="test_narrate_report_still_works" time="16.855" /><testcase classname="backend.tests.test_daily_voice_briefing.TestDashboardIntelligenceRegression" name="test_market_pulse_endpoint" time="0.565" /><testcase classname="backend.tests.test_daily_voice_briefing.TestDashboardIntelligenceRegression" name="test_geopolitical_risk_endpoint" time="0.406" /><testcase classname="backend.tests.test_daily_voice_briefing.TestDashboardIntelligenceRegression" name="test_performance_highlights_endpoint" time="0.421" /><testcase classname="backend.tests.test_daily_voice_briefing.TestDashboardIntelligenceRegression" name="test_events_feed_endpoint" time="0.418" /><testcase classname="backend.tests.test_daily_voice_briefing.TestDashboardIntelligenceRegression" name="test_portfolio_endpoint_with_auth" time="1.081" /></testsuite></testsuites>