<?xml version="1.0" encoding="utf-8"?><testsuites name="pytest tests"><testsuite name="pytest" errors="0" failures="0" skipped="0" tests="18" time="62.166" timestamp="2026-03-18T10:20:49.538484+00:00" hostname="agent-env-4036b00e-f362-4301-89f2-b998e53e82f5"><testcase classname="backend.tests.test_distribution_evolution.TestHealthAndAuth" name="test_api_health" time="1.569" /><testcase classname="backend.tests.test_distribution_evolution.TestHealthAndAuth" name="test_login_success" time="0.347" /><testcase classname="backend.tests.test_distribution_evolution.TestDistributionScoreCard" name="test_score_card_generation" time="0.562" /><testcase classname="backend.tests.test_distribution_evolution.TestDistributionScoreCard" name="test_score_card_requires_auth" time="0.096" /><testcase classname="backend.tests.test_distribution_evolution.TestDistributionPerformanceCard" name="test_performance_card_generation" time="0.101" /><testcase classname="backend.tests.test_distribution_evolution.TestDistributionPerformanceCard" name="test_performance_card_requires_auth" time="0.095" /><testcase classname="backend.tests.test_distribution_evolution.TestTraderEvolution" name="test_evolution_path" time="0.100" /><testcase classname="backend.tests.test_distribution_evolution.TestTraderEvolution" name="test_evolution_requires_auth" time="0.088" /><testcase classname="backend.tests.test_distribution_evolution.TestTraderEvolution" name="test_evolution_level_progression" time="0.110" /><testcase classname="backend.tests.test_distribution_evolution.TestStrategyCreator" name="test_create_strategy" time="0.135" /><testcase classname="backend.tests.test_distribution_evolution.TestStrategyCreator" name="test_create_strategy_requires_auth" time="0.090" /><testcase classname="backend.tests.test_distribution_evolution.TestStrategyCreator" name="test_my_strategies" time="0.102" /><testcase classname="backend.tests.test_distribution_evolution.TestStrategyMarketplace" name="test_marketplace_list" time="0.101" /><testcase classname="backend.tests.test_distribution_evolution.TestSharedCardRetrieval" name="test_get_shared_card" time="0.242" /><testcase classname="backend.tests.test_distribution_evolution.TestSharedCardRetrieval" name="test_get_nonexistent_card" time="0.086" /><testcase classname="backend.tests.test_distribution_evolution.TestExistingFeatures" name="test_dashboard_data" time="0.115" /><testcase classname="backend.tests.test_distribution_evolution.TestExistingFeatures" name="test_subscription_plans" time="57.809" /><testcase classname="backend.tests.test_distribution_evolution.TestExistingFeatures" name="test_tutorial_steps" time="0.306" /></testsuite></testsuites>