<?xml version="1.0" encoding="utf-8"?><testsuites name="pytest tests"><testsuite name="pytest" errors="0" failures="0" skipped="0" tests="19" time="14.491" timestamp="2026-03-19T00:17:53.791696+00:00" hostname="agent-env-8829f184-3dbe-4525-bd40-dd55967ea045"><testcase classname="backend.tests.test_ecosystem_batch1.TestEcosystemPublicEndpoints" name="test_liquidity_map_returns_valid_data" time="0.557" /><testcase classname="backend.tests.test_ecosystem_batch1.TestEcosystemPublicEndpoints" name="test_correlation_matrix_returns_8x8_matrix" time="0.420" /><testcase classname="backend.tests.test_ecosystem_batch1.TestEcosystemPublicEndpoints" name="test_economic_calendar_returns_events" time="0.509" /><testcase classname="backend.tests.test_ecosystem_batch1.TestEcosystemPublicEndpoints" name="test_copy_trading_eligible_returns_traders" time="0.395" /><testcase classname="backend.tests.test_ecosystem_batch1.TestEcosystemPublicEndpoints" name="test_quiz_returns_5_questions" time="0.399" /><testcase classname="backend.tests.test_ecosystem_batch1.TestEcosystemAuthenticatedEndpoints" name="test_second_brain_returns_memory_and_patterns" time="1.019" /><testcase classname="backend.tests.test_ecosystem_batch1.TestEcosystemAuthenticatedEndpoints" name="test_daily_missions_returns_5_missions" time="1.022" /><testcase classname="backend.tests.test_ecosystem_batch1.TestEcosystemAuthenticatedEndpoints" name="test_complete_mission" time="1.467" /><testcase classname="backend.tests.test_ecosystem_batch1.TestEcosystemAuthenticatedEndpoints" name="test_trade_journal_returns_journal" time="1.009" /><testcase classname="backend.tests.test_ecosystem_batch1.TestEcosystemAuthenticatedEndpoints" name="test_referral_returns_code" time="1.030" /><testcase classname="backend.tests.test_ecosystem_batch1.TestEcosystemAuthenticatedEndpoints" name="test_copy_trading_start" time="1.446" /><testcase classname="backend.tests.test_ecosystem_batch1.TestEcosystemAuthenticatedEndpoints" name="test_copy_trading_active" time="1.034" /><testcase classname="backend.tests.test_ecosystem_batch1.TestEcosystemAuthenticatedEndpoints" name="test_rebalancer_returns_suggestions" time="1.080" /><testcase classname="backend.tests.test_ecosystem_batch1.TestEcosystemAuthenticatedEndpoints" name="test_quiz_submit" time="1.008" /><testcase classname="backend.tests.test_ecosystem_batch1.TestEcosystemUnauthorizedAccess" name="test_second_brain_requires_auth" time="0.402" /><testcase classname="backend.tests.test_ecosystem_batch1.TestEcosystemUnauthorizedAccess" name="test_daily_missions_requires_auth" time="0.406" /><testcase classname="backend.tests.test_ecosystem_batch1.TestEcosystemUnauthorizedAccess" name="test_trade_journal_requires_auth" time="0.396" /><testcase classname="backend.tests.test_ecosystem_batch1.TestEcosystemUnauthorizedAccess" name="test_referral_requires_auth" time="0.401" /><testcase classname="backend.tests.test_ecosystem_batch1.TestEcosystemUnauthorizedAccess" name="test_rebalancer_requires_auth" time="0.395" /></testsuite></testsuites>