<?xml version="1.0" encoding="utf-8"?><testsuites name="pytest tests"><testsuite name="pytest" errors="0" failures="0" skipped="0" tests="17" time="3.214" timestamp="2026-03-16T06:06:47.037387+00:00" hostname="agent-env-e69ab4a3-8a8e-40b7-b149-cab190f1235c"><testcase classname="backend.tests.test_scanner_and_websocket.TestScannerUniverse" name="test_scanner_universe_returns_4_categories" time="0.244" /><testcase classname="backend.tests.test_scanner_and_websocket.TestScannerUniverse" name="test_scanner_universe_total_17_assets" time="0.092" /><testcase classname="backend.tests.test_scanner_and_websocket.TestScannerUniverse" name="test_scanner_universe_category_counts" time="0.104" /><testcase classname="backend.tests.test_scanner_and_websocket.TestScannerUniverse" name="test_scanner_universe_assets_have_symbol_and_name" time="0.109" /><testcase classname="backend.tests.test_scanner_and_websocket.TestScannerScan" name="test_scanner_scan_all_categories" time="0.848" /><testcase classname="backend.tests.test_scanner_and_websocket.TestScannerScan" name="test_scanner_scan_crypto_only" time="0.111" /><testcase classname="backend.tests.test_scanner_and_websocket.TestScannerScan" name="test_scanner_scan_returns_asset_summary_fields" time="0.127" /><testcase classname="backend.tests.test_scanner_and_websocket.TestScannerScan" name="test_scanner_scan_returns_opportunities" time="0.135" /><testcase classname="backend.tests.test_scanner_and_websocket.TestScannerScan" name="test_scanner_scan_summary_fields" time="0.110" /><testcase classname="backend.tests.test_scanner_and_websocket.TestScannerOpportunities" name="test_get_latest_opportunities" time="0.096" /><testcase classname="backend.tests.test_scanner_and_websocket.TestScannerHistory" name="test_get_scan_history" time="0.080" /><testcase classname="backend.tests.test_scanner_and_websocket.TestWebSocketStatus" name="test_ws_status_returns_active_connections" time="0.087" /><testcase classname="backend.tests.test_scanner_and_websocket.TestWebSocketStatus" name="test_ws_status_returns_channels" time="0.082" /><testcase classname="backend.tests.test_scanner_and_websocket.TestEnhancedWatchlistScan" name="test_watchlist_scan_returns_enriched_results" time="0.202" /><testcase classname="backend.tests.test_scanner_and_websocket.TestEnhancedWatchlistScan" name="test_watchlist_scan_generates_alerts" time="0.135" /><testcase classname="backend.tests.test_scanner_and_websocket.TestEnhancedWatchlistScan" name="test_watchlist_alerts_include_quant_type" time="0.077" /><testcase classname="backend.tests.test_scanner_and_websocket.TestScannerIntegrationFlow" name="test_full_scanner_workflow" time="0.475" /></testsuite></testsuites>