<?xml version="1.0" encoding="utf-8"?><testsuites name="pytest tests"><testsuite name="pytest" errors="0" failures="0" skipped="0" tests="18" time="39.221" timestamp="2026-03-18T00:46:41.733436+00:00" hostname="agent-env-67b1b5a7-ce59-4613-9853-421f524a3000"><testcase classname="backend.tests.test_ultra_features_iteration15.TestPublicUltraEndpoints" name="test_cross_analysis_returns_opportunities_warnings_insights" time="0.287" /><testcase classname="backend.tests.test_ultra_features_iteration15.TestPublicUltraEndpoints" name="test_market_personality_btc_returns_profile" time="0.220" /><testcase classname="backend.tests.test_ultra_features_iteration15.TestPublicUltraEndpoints" name="test_market_personality_unknown_asset_returns_generic" time="0.079" /><testcase classname="backend.tests.test_ultra_features_iteration15.TestPublicUltraEndpoints" name="test_market_personalities_returns_all_tracked_assets" time="0.087" /><testcase classname="backend.tests.test_ultra_features_iteration15.TestPublicUltraEndpoints" name="test_signal_timeline_returns_historical_signals" time="0.080" /><testcase classname="backend.tests.test_ultra_features_iteration15.TestPublicUltraEndpoints" name="test_capital_flow_returns_10_sectors" time="0.083" /><testcase classname="backend.tests.test_ultra_features_iteration15.TestPublicUltraEndpoints" name="test_intelligence_mode_returns_minimal_data" time="0.082" /><testcase classname="backend.tests.test_ultra_features_iteration15.TestAuthenticatedUltraEndpoints" name="test_user_profile_returns_trading_profile" time="0.381" /><testcase classname="backend.tests.test_ultra_features_iteration15.TestAuthenticatedUltraEndpoints" name="test_user_profile_requires_auth" time="0.081" /><testcase classname="backend.tests.test_ultra_features_iteration15.TestAuthenticatedUltraEndpoints" name="test_decision_replay_list_returns_closed_trades" time="0.108" /><testcase classname="backend.tests.test_ultra_features_iteration15.TestAuthenticatedUltraEndpoints" name="test_decision_replay_returns_ai_analysis" time="8.636" /><testcase classname="backend.tests.test_ultra_features_iteration15.TestAuthenticatedUltraEndpoints" name="test_decision_replay_invalid_trade_returns_404" time="0.108" /><testcase classname="backend.tests.test_ultra_features_iteration15.TestAuthenticatedUltraEndpoints" name="test_locked_signals_shows_locked_for_free_user" time="0.083" /><testcase classname="backend.tests.test_ultra_features_iteration15.TestAIPoweredEndpoints" name="test_why_this_trade_returns_analysis" time="13.960" /><testcase classname="backend.tests.test_ultra_features_iteration15.TestAIPoweredEndpoints" name="test_jarvis_briefing_returns_institutional_brief" time="14.603" /><testcase classname="backend.tests.test_ultra_features_iteration15.TestCrossAnalysisDataIntegrity" name="test_cross_analysis_opportunities_have_valid_structure" time="0.131" /><testcase classname="backend.tests.test_ultra_features_iteration15.TestCrossAnalysisDataIntegrity" name="test_cross_analysis_warnings_have_valid_structure" time="0.079" /><testcase classname="backend.tests.test_ultra_features_iteration15.TestCrossAnalysisDataIntegrity" name="test_cross_analysis_insights_have_valid_structure" time="0.076" /></testsuite></testsuites>