<?xml version="1.0" encoding="utf-8"?><testsuites name="pytest tests"><testsuite name="pytest" errors="0" failures="0" skipped="0" tests="35" time="3.945" timestamp="2026-03-16T05:24:55.517904+00:00" hostname="agent-env-e69ab4a3-8a8e-40b7-b149-cab190f1235c"><testcase classname="tests.test_quant_lab.TestQuantIndicators" name="test_get_indicators_returns_200" time="0.238" /><testcase classname="tests.test_quant_lab.TestQuantIndicators" name="test_indicators_count_is_11" time="0.082" /><testcase classname="tests.test_quant_lab.TestQuantIndicators" name="test_indicators_have_required_fields" time="0.084" /><testcase classname="tests.test_quant_lab.TestQuantIndicators" name="test_all_expected_indicators_present" time="0.204" /><testcase classname="tests.test_quant_lab.TestQuantIndicators" name="test_categories_are_valid" time="0.084" /><testcase classname="tests.test_quant_lab.TestQuantIndicators" name="test_default_weights_sum_to_100" time="0.090" /><testcase classname="tests.test_quant_lab.TestQuantPerformance" name="test_performance_returns_200_with_auth" time="0.397" /><testcase classname="tests.test_quant_lab.TestQuantPerformance" name="test_performance_returns_analysis_count" time="0.085" /><testcase classname="tests.test_quant_lab.TestQuantPerformance" name="test_performance_returns_signal_distribution" time="0.092" /><testcase classname="tests.test_quant_lab.TestQuantPerformance" name="test_performance_returns_current_weights" time="0.090" /><testcase classname="tests.test_quant_lab.TestQuantPerformance" name="test_performance_returns_experiments_count" time="0.081" /><testcase classname="tests.test_quant_lab.TestQuantRankings" name="test_rankings_returns_200" time="0.084" /><testcase classname="tests.test_quant_lab.TestQuantRankings" name="test_rankings_has_11_indicators" time="0.086" /><testcase classname="tests.test_quant_lab.TestQuantRankings" name="test_rankings_have_required_fields" time="0.084" /><testcase classname="tests.test_quant_lab.TestQuantRankings" name="test_rankings_sorted_by_accuracy" time="0.082" /><testcase classname="tests.test_quant_lab.TestQuantBacktest" name="test_backtest_returns_200" time="0.087" /><testcase classname="tests.test_quant_lab.TestQuantBacktest" name="test_backtest_returns_status" time="0.078" /><testcase classname="tests.test_quant_lab.TestQuantBacktest" name="test_backtest_complete_has_metrics" time="0.075" /><testcase classname="tests.test_quant_lab.TestQuantBacktest" name="test_backtest_has_indicator_rankings" time="0.089" /><testcase classname="tests.test_quant_lab.TestQuantOptimize" name="test_optimize_returns_200" time="0.095" /><testcase classname="tests.test_quant_lab.TestQuantOptimize" name="test_optimize_returns_optimized_weights" time="0.086" /><testcase classname="tests.test_quant_lab.TestQuantOptimize" name="test_optimize_returns_improvement_score" time="0.093" /><testcase classname="tests.test_quant_lab.TestQuantPatterns" name="test_patterns_returns_200" time="0.094" /><testcase classname="tests.test_quant_lab.TestQuantPatterns" name="test_patterns_returns_status" time="0.114" /><testcase classname="tests.test_quant_lab.TestQuantPatterns" name="test_patterns_complete_has_top_patterns" time="0.080" /><testcase classname="tests.test_quant_lab.TestQuantPatterns" name="test_patterns_have_combination_details" time="0.096" /><testcase classname="tests.test_quant_lab.TestQuantExperiments" name="test_experiments_returns_200" time="0.095" /><testcase classname="tests.test_quant_lab.TestQuantExperiments" name="test_experiments_returns_experiments_list" time="0.085" /><testcase classname="tests.test_quant_lab.TestQuantExperiments" name="test_experiments_returns_decisions_list" time="0.079" /><testcase classname="tests.test_quant_lab.TestQuantExperiments" name="test_experiments_have_required_fields" time="0.071" /><testcase classname="tests.test_quant_lab.TestQuantResetWeights" name="test_reset_weights_returns_200" time="0.074" /><testcase classname="tests.test_quant_lab.TestQuantResetWeights" name="test_reset_weights_returns_status_reset" time="0.090" /><testcase classname="tests.test_quant_lab.TestQuantResetWeights" name="test_reset_weights_returns_default_weights" time="0.091" /><testcase classname="tests.test_quant_lab.TestQuantIntegration" name="test_backtest_then_verify_rankings_updated" time="0.159" /><testcase classname="tests.test_quant_lab.TestQuantIntegration" name="test_optimize_logged_to_experiments" time="0.251" /></testsuite></testsuites>