<?xml version="1.0" encoding="utf-8"?><testsuites name="pytest tests"><testsuite name="pytest" errors="0" failures="0" skipped="0" tests="37" time="114.532" timestamp="2026-03-17T13:24:45.302210+00:00" hostname="agent-env-b0204eba-0b9c-45bd-9ff3-df746371ae8f"><testcase classname="backend.tests.test_quantica_features_iteration13.TestFearGreedIndex" name="test_fear_greed_returns_200" time="0.265" /><testcase classname="backend.tests.test_quantica_features_iteration13.TestFearGreedIndex" name="test_fear_greed_has_composite_score" time="0.047" /><testcase classname="backend.tests.test_quantica_features_iteration13.TestFearGreedIndex" name="test_fear_greed_has_label_and_color" time="0.036" /><testcase classname="backend.tests.test_quantica_features_iteration13.TestFearGreedIndex" name="test_fear_greed_has_components" time="0.038" /><testcase classname="backend.tests.test_quantica_features_iteration13.TestFearGreedIndex" name="test_fear_greed_has_30_day_history" time="0.043" /><testcase classname="backend.tests.test_quantica_features_iteration13.TestAnomalyDetector" name="test_anomalies_returns_200" time="0.043" /><testcase classname="backend.tests.test_quantica_features_iteration13.TestAnomalyDetector" name="test_anomalies_returns_8_items" time="0.045" /><testcase classname="backend.tests.test_quantica_features_iteration13.TestAnomalyDetector" name="test_anomalies_have_correct_structure" time="0.041" /><testcase classname="backend.tests.test_quantica_features_iteration13.TestAnomalyDetector" name="test_anomalies_critical_count" time="0.041" /><testcase classname="backend.tests.test_quantica_features_iteration13.TestTradingSignals" name="test_signals_returns_200" time="0.041" /><testcase classname="backend.tests.test_quantica_features_iteration13.TestTradingSignals" name="test_signals_returns_15_items" time="0.043" /><testcase classname="backend.tests.test_quantica_features_iteration13.TestTradingSignals" name="test_signals_have_entry_stop_target" time="0.044" /><testcase classname="backend.tests.test_quantica_features_iteration13.TestTradingSignals" name="test_signals_sorted_by_confidence" time="0.042" /><testcase classname="backend.tests.test_quantica_features_iteration13.TestTradingSignals" name="test_signals_has_strong_counts" time="0.042" /><testcase classname="backend.tests.test_quantica_features_iteration13.TestMarketRadar" name="test_radar_returns_200" time="0.036" /><testcase classname="backend.tests.test_quantica_features_iteration13.TestMarketRadar" name="test_radar_has_all_sections" time="0.042" /><testcase classname="backend.tests.test_quantica_features_iteration13.TestMarketRadar" name="test_radar_gainers_have_change_positive" time="0.042" /><testcase classname="backend.tests.test_quantica_features_iteration13.TestMarketRadar" name="test_radar_losers_have_change_negative" time="0.039" /><testcase classname="backend.tests.test_quantica_features_iteration13.TestCorrelationMatrix" name="test_correlation_returns_200" time="0.039" /><testcase classname="backend.tests.test_quantica_features_iteration13.TestCorrelationMatrix" name="test_correlation_has_10_assets" time="0.041" /><testcase classname="backend.tests.test_quantica_features_iteration13.TestCorrelationMatrix" name="test_correlation_matrix_10x10" time="0.044" /><testcase classname="backend.tests.test_quantica_features_iteration13.TestCorrelationMatrix" name="test_correlation_diagonal_is_1" time="0.044" /><testcase classname="backend.tests.test_quantica_features_iteration13.TestPortfolioOptimizer" name="test_optimizer_accepts_empty_portfolio" time="18.053" /><testcase classname="backend.tests.test_quantica_features_iteration13.TestPortfolioOptimizer" name="test_optimizer_with_positions" time="14.656" /><testcase classname="backend.tests.test_quantica_features_iteration13.TestPortfolioOptimizer" name="test_optimizer_has_fear_greed_context" time="15.597" /><testcase classname="backend.tests.test_quantica_features_iteration13.TestWeeklyDigest" name="test_digest_returns_200" time="26.561" /><testcase classname="backend.tests.test_quantica_features_iteration13.TestWeeklyDigest" name="test_digest_has_text_and_metadata" time="25.291" /><testcase classname="backend.tests.test_quantica_features_iteration13.TestRealMarketPulse" name="test_market_pulse_returns_200" time="1.038" /><testcase classname="backend.tests.test_quantica_features_iteration13.TestRealMarketPulse" name="test_market_pulse_has_indicators" time="0.050" /><testcase classname="backend.tests.test_quantica_features_iteration13.TestRealMarketPulse" name="test_market_pulse_has_source" time="0.044" /><testcase classname="backend.tests.test_quantica_features_iteration13.TestRealMarketPulse" name="test_market_pulse_indicators_have_value" time="0.045" /><testcase classname="backend.tests.test_quantica_features_iteration13.TestGlobalOverview" name="test_global_overview_returns_200" time="0.087" /><testcase classname="backend.tests.test_quantica_features_iteration13.TestGlobalOverview" name="test_global_overview_has_market_caps" time="0.079" /><testcase classname="backend.tests.test_quantica_features_iteration13.TestGlobalOverview" name="test_global_overview_has_btc_dominance" time="0.086" /><testcase classname="backend.tests.test_quantica_features_iteration13.TestRegressionExisting" name="test_daily_briefing_still_works" time="11.349" /><testcase classname="backend.tests.test_quantica_features_iteration13.TestRegressionExisting" name="test_geopolitical_risk_still_works" time="0.049" /><testcase classname="backend.tests.test_quantica_features_iteration13.TestRegressionExisting" name="test_portfolio_endpoint_still_works" time="0.316" /></testsuite></testsuites>