<?xml version="1.0" encoding="utf-8"?><testsuites name="pytest tests"><testsuite name="pytest" errors="0" failures="0" skipped="0" tests="18" time="6.071" timestamp="2026-03-16T06:54:51.269996+00:00" hostname="agent-env-e69ab4a3-8a8e-40b7-b149-cab190f1235c"><testcase classname="tests.test_batch7_features.TestNewsSentiment" name="test_sentiment_endpoint_returns_200" time="0.657" /><testcase classname="tests.test_batch7_features.TestNewsSentiment" name="test_sentiment_has_required_fields" time="0.562" /><testcase classname="tests.test_batch7_features.TestNewsSentiment" name="test_sentiment_fear_greed_history" time="0.536" /><testcase classname="tests.test_batch7_features.TestNewsSentiment" name="test_sentiment_trending_coins" time="0.544" /><testcase classname="tests.test_batch7_features.TestNewsSentiment" name="test_sentiment_global_market" time="0.571" /><testcase classname="tests.test_batch7_features.TestPaperTrading" name="test_portfolio_returns_200" time="0.546" /><testcase classname="tests.test_batch7_features.TestPaperTrading" name="test_portfolio_has_required_fields" time="0.106" /><testcase classname="tests.test_batch7_features.TestPaperTrading" name="test_reset_portfolio" time="0.110" /><testcase classname="tests.test_batch7_features.TestPaperTrading" name="test_execute_buy_trade" time="0.211" /><testcase classname="tests.test_batch7_features.TestPaperTrading" name="test_trade_appears_in_open_positions" time="0.258" /><testcase classname="tests.test_batch7_features.TestPaperTrading" name="test_close_trade_with_profit" time="0.384" /><testcase classname="tests.test_batch7_features.TestPaperTrading" name="test_closed_trade_in_history" time="0.405" /><testcase classname="tests.test_batch7_features.TestPaperTrading" name="test_insufficient_balance_error" time="0.157" /><testcase classname="tests.test_batch7_features.TestMultiAgent" name="test_agent_history_returns_200" time="0.100" /><testcase classname="tests.test_batch7_features.TestMultiAgent" name="test_multi_agent_analyze" time="0.090" /><testcase classname="tests.test_batch7_features.TestGoogleOAuth" name="test_google_session_endpoint_exists" time="0.104" /><testcase classname="tests.test_batch7_features.TestGoogleOAuth" name="test_google_session_invalid_session" time="0.237" /><testcase classname="tests.test_batch7_features.TestPaperTradingWorkflow" name="test_full_trading_workflow" time="0.402" /></testsuite></testsuites>