<?xml version="1.0" encoding="utf-8"?><testsuites name="pytest tests"><testsuite name="pytest" errors="0" failures="0" skipped="0" tests="13" time="4.549" timestamp="2026-03-16T04:18:51.726392+00:00" hostname="agent-env-e69ab4a3-8a8e-40b7-b149-cab190f1235c"><testcase classname="backend.tests.test_watchlist_automation.TestWatchlistAuthentication" name="test_login_success" time="0.451" /><testcase classname="backend.tests.test_watchlist_automation.TestWatchlistCRUD" name="test_get_watchlist" time="0.408" /><testcase classname="backend.tests.test_watchlist_automation.TestWatchlistCRUD" name="test_add_asset_to_watchlist" time="0.258" /><testcase classname="backend.tests.test_watchlist_automation.TestWatchlistCRUD" name="test_add_duplicate_asset" time="0.228" /><testcase classname="backend.tests.test_watchlist_automation.TestWatchlistCRUD" name="test_remove_asset_from_watchlist" time="0.161" /><testcase classname="backend.tests.test_watchlist_automation.TestWatchlistCRUD" name="test_remove_nonexistent_asset" time="0.080" /><testcase classname="backend.tests.test_watchlist_automation.TestWatchlistScan" name="test_scan_watchlist" time="0.572" /><testcase classname="backend.tests.test_watchlist_automation.TestWatchlistAlerts" name="test_mark_alerts_read" time="0.378" /><testcase classname="backend.tests.test_watchlist_automation.TestWatchlistAlerts" name="test_alerts_count_after_mark_read" time="0.178" /><testcase classname="backend.tests.test_watchlist_automation.TestAssetSearch" name="test_search_assets_api" time="0.434" /><testcase classname="backend.tests.test_watchlist_automation.TestAssetSearch" name="test_search_crypto_assets" time="0.253" /><testcase classname="backend.tests.test_watchlist_automation.TestAssetSearch" name="test_search_forex_assets" time="0.352" /><testcase classname="backend.tests.test_watchlist_automation.TestWatchlistIntegration" name="test_full_watchlist_workflow" time="0.714" /></testsuite></testsuites>