<?xml version="1.0" encoding="utf-8"?><testsuites name="pytest tests"><testsuite name="pytest" errors="0" failures="0" skipped="0" tests="12" time="15.625" timestamp="2026-03-16T02:47:54.522687+00:00" hostname="agent-env-58caf5df-bbd7-4a33-9d43-160fc6611278"><testcase classname="backend.tests.test_global_data_providers.TestAssetSearch" name="test_search_aapl_stock_returns_results" time="0.577" /><testcase classname="backend.tests.test_global_data_providers.TestAssetSearch" name="test_search_btc_crypto_returns_coingecko" time="0.312" /><testcase classname="backend.tests.test_global_data_providers.TestAssetSearch" name="test_search_eurusd_forex" time="0.251" /><testcase classname="backend.tests.test_global_data_providers.TestAssetSearch" name="test_search_toyota_global_exchanges" time="0.205" /><testcase classname="backend.tests.test_global_data_providers.TestAssetSearch" name="test_search_samsung_global" time="0.235" /><testcase classname="backend.tests.test_global_data_providers.TestAnalysisStart" name="test_analysis_aapl_real_price" time="0.757" /><testcase classname="backend.tests.test_global_data_providers.TestAnalysisStart" name="test_analysis_eurusd_forex_real_rate" time="0.525" /><testcase classname="backend.tests.test_global_data_providers.TestAnalysisStart" name="test_analysis_btc_crypto_coingecko" time="0.163" /><testcase classname="backend.tests.test_global_data_providers.TestAnalysisStart" name="test_analysis_11_steps_complete" time="0.478" /><testcase classname="backend.tests.test_global_data_providers.TestAnalysisStart" name="test_analysis_report_has_regime_and_manipulation" time="0.462" /><testcase classname="backend.tests.test_global_data_providers.TestJarvisCopilot" name="test_jarvis_chat_works" time="11.550" /><testcase classname="backend.tests.test_global_data_providers.TestAnalysisHistory" name="test_get_analysis_history" time="0.043" /></testsuite></testsuites>