<?xml version="1.0" encoding="utf-8"?><testsuites name="pytest tests"><testsuite name="pytest" errors="0" failures="0" skipped="0" tests="12" time="3.110" timestamp="2026-03-18T00:07:12.774780+00:00" hostname="agent-env-67b1b5a7-ce59-4613-9853-421f524a3000"><testcase classname="backend.tests.test_aureos_score.TestAureosScoreAuth" name="test_my_score_returns_full_breakdown" time="0.685" /><testcase classname="backend.tests.test_aureos_score.TestAureosScoreAuth" name="test_my_score_requires_auth" time="0.104" /><testcase classname="backend.tests.test_aureos_score.TestAureosScoreAuth" name="test_leaderboard_public_access" time="0.104" /><testcase classname="backend.tests.test_aureos_score.TestAureosScoreAuth" name="test_my_rank_returns_position_and_percentile" time="0.081" /><testcase classname="backend.tests.test_aureos_score.TestAureosScoreAuth" name="test_achievements_returns_all_with_unlock_status" time="0.070" /><testcase classname="backend.tests.test_aureos_score.TestAureosScoreAuth" name="test_recalculate_updates_score_and_snapshot" time="0.685" /><testcase classname="backend.tests.test_aureos_score.TestAureosScoreAuth" name="test_explain_returns_jarvis_analysis" time="0.084" /><testcase classname="backend.tests.test_aureos_score.TestAureosScoreAuth" name="test_trade_impact_returns_delta" time="0.098" /><testcase classname="backend.tests.test_aureos_score.TestAureosScoreAuth" name="test_history_returns_score_over_time" time="0.094" /><testcase classname="backend.tests.test_aureos_score.TestAureosScoreTierValidation" name="test_tier_boundaries_correct" time="0.460" /><testcase classname="backend.tests.test_aureos_score.TestAureosScoreTierValidation" name="test_next_tier_and_progress" time="0.092" /><testcase classname="backend.tests.test_aureos_score.TestAureosScoreIntegration" name="test_score_reflects_paper_trades" time="0.462" /></testsuite></testsuites>