<?xml version="1.0" encoding="utf-8"?><testsuites name="pytest tests"><testsuite name="pytest" errors="0" failures="1" skipped="0" tests="15" time="208.812" timestamp="2026-03-16T01:43:27.531950+00:00" hostname="agent-env-58caf5df-bbd7-4a33-9d43-160fc6611278"><testcase classname="backend.tests.test_phase3_jarvis_regime_manipulation.TestAnalysisPipeline11Steps" name="test_analysis_returns_11_steps_all_complete" time="0.810" /><testcase classname="backend.tests.test_phase3_jarvis_regime_manipulation.TestAnalysisPipeline11Steps" name="test_report_contains_regime_object" time="0.163" /><testcase classname="backend.tests.test_phase3_jarvis_regime_manipulation.TestAnalysisPipeline11Steps" name="test_report_contains_manipulation_object" time="0.149" /><testcase classname="backend.tests.test_phase3_jarvis_regime_manipulation.TestAnalysisPipeline11Steps" name="test_regime_detection_step_details" time="0.148" /><testcase classname="backend.tests.test_phase3_jarvis_regime_manipulation.TestAnalysisPipeline11Steps" name="test_manipulation_detection_step_details" time="0.156" /><testcase classname="backend.tests.test_phase3_jarvis_regime_manipulation.TestAnalysisHistory" name="test_get_analysis_history" time="0.703" /><testcase classname="backend.tests.test_phase3_jarvis_regime_manipulation.TestAnalysisHistory" name="test_analysis_history_has_recent_entry" time="0.700" /><testcase classname="backend.tests.test_phase3_jarvis_regime_manipulation.TestJarvisChat" name="test_jarvis_chat_simple_question" time="10.157" /><testcase classname="backend.tests.test_phase3_jarvis_regime_manipulation.TestJarvisChat" name="test_jarvis_chat_with_analysis_context" time="23.622" /><testcase classname="backend.tests.test_phase3_jarvis_regime_manipulation.TestJarvisChat" name="test_jarvis_chat_session_persistence" time="46.584" /><testcase classname="backend.tests.test_phase3_jarvis_regime_manipulation.TestJarvisExplainReport" name="test_explain_report_full" time="30.031"><failure message="requests.exceptions.ReadTimeout: HTTPSConnectionPool(host='premium-fintech-13.preview.emergentagent.com', port=443): Read timed out. (read timeout=30)">/root/.venv/lib/python3.11/site-packages/urllib3/connectionpool.py:534: in _make_request
    response = conn.getresponse()
               ^^^^^^^^^^^^^^^^^^
/root/.venv/lib/python3.11/site-packages/urllib3/connection.py:571: in getresponse
    httplib_response = super().getresponse()
                       ^^^^^^^^^^^^^^^^^^^^^
/usr/local/lib/python3.11/http/client.py:1395: in getresponse
    response.begin()
/usr/local/lib/python3.11/http/client.py:325: in begin
    version, status, reason = self._read_status()
                              ^^^^^^^^^^^^^^^^^^^
/usr/local/lib/python3.11/http/client.py:286: in _read_status
    line = str(self.fp.readline(_MAXLINE + 1), "iso-8859-1")
               ^^^^^^^^^^^^^^^^^^^^^^^^^^^^^^
/usr/local/lib/python3.11/socket.py:718: in readinto
    return self._sock.recv_into(b)
           ^^^^^^^^^^^^^^^^^^^^^^^
/usr/local/lib/python3.11/ssl.py:1314: in recv_into
    return self.read(nbytes, buffer)
           ^^^^^^^^^^^^^^^^^^^^^^^^^
/usr/local/lib/python3.11/ssl.py:1166: in read
    return self._sslobj.read(len, buffer)
           ^^^^^^^^^^^^^^^^^^^^^^^^^^^^^^
E   TimeoutError: The read operation timed out

The above exception was the direct cause of the following exception:
/root/.venv/lib/python3.11/site-packages/requests/adapters.py:644: in send
    resp = conn.urlopen(
/root/.venv/lib/python3.11/site-packages/urllib3/connectionpool.py:841: in urlopen
    retries = retries.increment(
/root/.venv/lib/python3.11/site-packages/urllib3/util/retry.py:490: in increment
    raise reraise(type(error), error, _stacktrace)
          ^^^^^^^^^^^^^^^^^^^^^^^^^^^^^^^^^^^^^^^^
/root/.venv/lib/python3.11/site-packages/urllib3/util/util.py:39: in reraise
    raise value
/root/.venv/lib/python3.11/site-packages/urllib3/connectionpool.py:787: in urlopen
    response = self._make_request(
/root/.venv/lib/python3.11/site-packages/urllib3/connectionpool.py:536: in _make_request
    self._raise_timeout(err=e, url=url, timeout_value=read_timeout)
/root/.venv/lib/python3.11/site-packages/urllib3/connectionpool.py:367: in _raise_timeout
    raise ReadTimeoutError(
E   urllib3.exceptions.ReadTimeoutError: HTTPSConnectionPool(host='premium-fintech-13.preview.emergentagent.com', port=443): Read timed out. (read timeout=30)

During handling of the above exception, another exception occurred:
backend/tests/test_phase3_jarvis_regime_manipulation.py:434: in test_explain_report_full
    response = authenticated_client.post(f"{BASE_URL}/api/jarvis/explain-report", json={
/root/.venv/lib/python3.11/site-packages/requests/sessions.py:637: in post
    return self.request("POST", url, data=data, json=json, **kwargs)
           ^^^^^^^^^^^^^^^^^^^^^^^^^^^^^^^^^^^^^^^^^^^^^^^^^^^^^^^^^
/root/.venv/lib/python3.11/site-packages/requests/sessions.py:589: in request
    resp = self.send(prep, **send_kwargs)
           ^^^^^^^^^^^^^^^^^^^^^^^^^^^^^^
/root/.venv/lib/python3.11/site-packages/requests/sessions.py:703: in send
    r = adapter.send(request, **kwargs)
        ^^^^^^^^^^^^^^^^^^^^^^^^^^^^^^^
/root/.venv/lib/python3.11/site-packages/requests/adapters.py:690: in send
    raise ReadTimeout(e, request=request)
E   requests.exceptions.ReadTimeout: HTTPSConnectionPool(host='premium-fintech-13.preview.emergentagent.com', port=443): Read timed out. (read timeout=30)</failure></testcase><testcase classname="backend.tests.test_phase3_jarvis_regime_manipulation.TestJarvisExplainReport" name="test_explain_report_signal_focus" time="24.742" /><testcase classname="backend.tests.test_phase3_jarvis_regime_manipulation.TestJarvisHistory" name="test_get_jarvis_history" time="23.932" /><testcase classname="backend.tests.test_phase3_jarvis_regime_manipulation.TestErrorHandling" name="test_jarvis_chat_empty_message" time="23.210" /><testcase classname="backend.tests.test_phase3_jarvis_regime_manipulation.TestErrorHandling" name="test_jarvis_explain_empty_report" time="23.475" /></testsuite></testsuites>