<?xml version="1.0" encoding="utf-8"?><testsuites name="pytest tests"><testsuite name="pytest" errors="0" failures="0" skipped="0" tests="10" time="7.670" timestamp="2026-03-16T06:33:24.971545+00:00" hostname="agent-env-e69ab4a3-8a8e-40b7-b149-cab190f1235c"><testcase classname="backend.tests.test_p2_features.TestIntelligenceMap" name="test_intelligence_map_endpoint_exists" time="3.696" /><testcase classname="backend.tests.test_p2_features.TestIntelligenceMap" name="test_intelligence_map_assets_structure" time="0.570" /><testcase classname="backend.tests.test_p2_features.TestIntelligenceMap" name="test_intelligence_map_capital_flows" time="0.589" /><testcase classname="backend.tests.test_p2_features.TestIntelligenceMap" name="test_intelligence_map_correlations" time="0.716" /><testcase classname="backend.tests.test_p2_features.TestIntelligenceMap" name="test_intelligence_map_market_summary" time="0.617" /><testcase classname="backend.tests.test_p2_features.TestPDFExport" name="test_pdf_export_endpoint_exists" time="0.576" /><testcase classname="backend.tests.test_p2_features.TestPDFExport" name="test_pdf_export_generates_valid_pdf" time="0.085" /><testcase classname="backend.tests.test_p2_features.TestPDFExport" name="test_pdf_export_with_full_analysis_data" time="0.094" /><testcase classname="backend.tests.test_p2_features.TestIntegrationFlow" name="test_intelligence_map_full_flow" time="0.572" /><testcase classname="backend.tests.test_p2_features.TestIntegrationFlow" name="test_pdf_export_without_auth" time="0.085" /></testsuite></testsuites>