<?xml version="1.0" encoding="utf-8"?><testsuites name="pytest tests"><testsuite name="pytest" errors="0" failures="0" skipped="0" tests="14" time="7.961" timestamp="2026-03-16T00:06:21.238688+00:00" hostname="agent-env-58caf5df-bbd7-4a33-9d43-160fc6611278"><testcase classname="backend.tests.test_analysis_and_assets.TestHealthCheck" name="test_api_root" time="0.598" /><testcase classname="backend.tests.test_analysis_and_assets.TestAssetSearch" name="test_search_crypto_btc" time="0.436" /><testcase classname="backend.tests.test_analysis_and_assets.TestAssetSearch" name="test_search_stock_aapl" time="0.571" /><testcase classname="backend.tests.test_analysis_and_assets.TestAssetSearch" name="test_search_commodity_xauusd" time="0.494" /><testcase classname="backend.tests.test_analysis_and_assets.TestAssetSearch" name="test_search_forex_eurusd" time="0.520" /><testcase classname="backend.tests.test_analysis_and_assets.TestAssetSearch" name="test_search_empty_query" time="0.368" /><testcase classname="backend.tests.test_analysis_and_assets.TestAnalysisPipeline" name="test_analysis_crypto_btc" time="1.247" /><testcase classname="backend.tests.test_analysis_and_assets.TestAnalysisPipeline" name="test_analysis_stock_aapl" time="0.476" /><testcase classname="backend.tests.test_analysis_and_assets.TestAnalysisPipeline" name="test_analysis_commodity_gold" time="0.470" /><testcase classname="backend.tests.test_analysis_and_assets.TestAnalysisStepsDetail" name="test_step_market_data" time="0.599" /><testcase classname="backend.tests.test_analysis_and_assets.TestAnalysisStepsDetail" name="test_step_technical_analysis" time="0.471" /><testcase classname="backend.tests.test_analysis_and_assets.TestAnalysisStepsDetail" name="test_step_probability_engine" time="0.469" /><testcase classname="backend.tests.test_analysis_and_assets.TestErrorHandling" name="test_analysis_invalid_asset" time="0.467" /><testcase classname="backend.tests.test_analysis_and_assets.TestErrorHandling" name="test_analysis_without_auth" time="0.697" /></testsuite></testsuites>