<?xml version="1.0" encoding="utf-8"?><testsuites name="pytest tests"><testsuite name="pytest" errors="0" failures="0" skipped="0" tests="23" time="114.604" timestamp="2026-03-18T09:42:59.971030+00:00" hostname="agent-env-4036b00e-f362-4301-89f2-b998e53e82f5"><testcase classname="backend.tests.test_dominance_i18n_features.TestHealthAndAuth" name="test_api_health" time="0.143" /><testcase classname="backend.tests.test_dominance_i18n_features.TestHealthAndAuth" name="test_login_success" time="0.324" /><testcase classname="backend.tests.test_dominance_i18n_features.TestAlphaDetection" name="test_alpha_detection_english" time="12.657" /><testcase classname="backend.tests.test_dominance_i18n_features.TestAlphaDetection" name="test_alpha_detection_portuguese" time="12.279" /><testcase classname="backend.tests.test_dominance_i18n_features.TestAlphaDetection" name="test_alpha_detection_spanish" time="10.070" /><testcase classname="backend.tests.test_dominance_i18n_features.TestAlphaDetection" name="test_alpha_detection_market_snapshot_structure" time="11.861" /><testcase classname="backend.tests.test_dominance_i18n_features.TestMarketNarrative" name="test_market_narrative_english" time="17.612" /><testcase classname="backend.tests.test_dominance_i18n_features.TestMarketNarrative" name="test_market_narrative_portuguese" time="16.926" /><testcase classname="backend.tests.test_dominance_i18n_features.TestMarketNarrative" name="test_market_narrative_french" time="19.883" /><testcase classname="backend.tests.test_dominance_i18n_features.TestVoiceNarration" name="test_voice_narrate_english" time="1.913" /><testcase classname="backend.tests.test_dominance_i18n_features.TestVoiceNarration" name="test_voice_narrate_portuguese" time="3.590" /><testcase classname="backend.tests.test_dominance_i18n_features.TestVoiceNarration" name="test_voice_narrate_spanish" time="3.432" /><testcase classname="backend.tests.test_dominance_i18n_features.TestVoiceNarration" name="test_voice_narrate_german" time="2.639" /><testcase classname="backend.tests.test_dominance_i18n_features.TestExistingEndpoints" name="test_market_overview" time="0.148" /><testcase classname="backend.tests.test_dominance_i18n_features.TestExistingEndpoints" name="test_subscription_plans" time="0.112" /><testcase classname="backend.tests.test_dominance_i18n_features.TestExistingEndpoints" name="test_tutorial_steps" time="0.096" /><testcase classname="backend.tests.test_dominance_i18n_features.TestExistingEndpoints" name="test_portfolio_authenticated" time="0.105" /><testcase classname="backend.tests.test_dominance_i18n_features.TestExistingEndpoints" name="test_watchlist_authenticated" time="0.184" /><testcase classname="backend.tests.test_dominance_i18n_features.TestPreviousUnfairAdvantagePages" name="test_trader_dna" time="0.090" /><testcase classname="backend.tests.test_dominance_i18n_features.TestPreviousUnfairAdvantagePages" name="test_strategy_marketplace" time="0.124" /><testcase classname="backend.tests.test_dominance_i18n_features.TestPreviousUnfairAdvantagePages" name="test_global_intelligence" time="0.115" /><testcase classname="backend.tests.test_dominance_i18n_features.TestPreviousUnfairAdvantagePages" name="test_opportunity_scanner" time="0.086" /><testcase classname="backend.tests.test_dominance_i18n_features.TestPreviousUnfairAdvantagePages" name="test_top_traders" time="0.122" /></testsuite></testsuites>