<?xml version="1.0" encoding="utf-8"?><testsuites name="pytest tests"><testsuite name="pytest" errors="0" failures="0" skipped="0" tests="20" time="3.399" timestamp="2026-03-18T01:10:03.004579+00:00" hostname="agent-env-67b1b5a7-ce59-4613-9853-421f524a3000"><testcase classname="backend.tests.test_aureos_tokens_iter16.TestTokenBalance" name="test_get_balance_success" time="0.498" /><testcase classname="backend.tests.test_aureos_tokens_iter16.TestTokenBalance" name="test_get_balance_unauthorized" time="0.040" /><testcase classname="backend.tests.test_aureos_tokens_iter16.TestEarningRules" name="test_get_earning_rules_returns_16_rules" time="0.047" /><testcase classname="backend.tests.test_aureos_tokens_iter16.TestTokenStore" name="test_get_store_returns_8_items" time="0.079" /><testcase classname="backend.tests.test_aureos_tokens_iter16.TestTokenStore" name="test_get_store_unauthorized" time="0.041" /><testcase classname="backend.tests.test_aureos_tokens_iter16.TestDailyLogin" name="test_daily_login_claim" time="0.080" /><testcase classname="backend.tests.test_aureos_tokens_iter16.TestDailyLogin" name="test_daily_login_unauthorized" time="0.077" /><testcase classname="backend.tests.test_aureos_tokens_iter16.TestEarnTokens" name="test_earn_tokens_valid_reason" time="0.096" /><testcase classname="backend.tests.test_aureos_tokens_iter16.TestEarnTokens" name="test_earn_tokens_custom_amount" time="0.045" /><testcase classname="backend.tests.test_aureos_tokens_iter16.TestEarnTokens" name="test_earn_tokens_invalid_reason" time="0.039" /><testcase classname="backend.tests.test_aureos_tokens_iter16.TestSpendTokens" name="test_spend_tokens_insufficient_balance" time="0.123" /><testcase classname="backend.tests.test_aureos_tokens_iter16.TestSpendTokens" name="test_spend_tokens_invalid_item" time="0.038" /><testcase classname="backend.tests.test_aureos_tokens_iter16.TestSpendTokens" name="test_spend_tokens_success_affordable_item" time="0.086" /><testcase classname="backend.tests.test_aureos_tokens_iter16.TestTokenHistory" name="test_get_history_returns_transactions" time="0.037" /><testcase classname="backend.tests.test_aureos_tokens_iter16.TestWeeklyChallenge" name="test_get_weekly_challenge_status" time="0.080" /><testcase classname="backend.tests.test_aureos_tokens_iter16.TestWeeklyChallenge" name="test_register_weekly_challenge" time="0.083" /><testcase classname="backend.tests.test_aureos_tokens_iter16.TestWeeklyChallenge" name="test_register_unauthorized" time="0.035" /><testcase classname="backend.tests.test_aureos_tokens_iter16.TestPriceValidation" name="test_market_pulse_has_validated_prices" time="1.062" /><testcase classname="backend.tests.test_aureos_tokens_iter16.TestPriceValidation" name="test_price_validation_normalization_logic" time="0.042" /><testcase classname="backend.tests.test_aureos_tokens_iter16.TestPaperTradingTokenIntegration" name="test_paper_trade_close_grants_tokens" time="0.665" /></testsuite></testsuites>