<?xml version="1.0" encoding="utf-8"?><testsuites name="pytest tests"><testsuite name="pytest" errors="0" failures="0" skipped="0" tests="10" time="124.368" timestamp="2026-03-17T11:05:07.370799+00:00" hostname="agent-env-b0204eba-0b9c-45bd-9ff3-df746371ae8f"><testcase classname="backend.tests.test_narration_worldmap.TestNarrateReportEndpoint" name="test_narrate_report_english" time="20.748" /><testcase classname="backend.tests.test_narration_worldmap.TestNarrateReportEndpoint" name="test_narrate_report_portuguese" time="24.090" /><testcase classname="backend.tests.test_narration_worldmap.TestNarrateReportEndpoint" name="test_narrate_report_spanish" time="21.952" /><testcase classname="backend.tests.test_narration_worldmap.TestNarrateReportEndpoint" name="test_narrate_report_no_auth_required" time="17.529" /><testcase classname="backend.tests.test_narration_worldmap.TestNarrateReportEndpoint" name="test_narrate_report_default_language" time="21.869" /><testcase classname="backend.tests.test_narration_worldmap.TestIntelligenceMapRegions" name="test_geopolitical_risk_has_8_regions" time="0.435" /><testcase classname="backend.tests.test_narration_worldmap.TestIntelligenceMapRegions" name="test_region_has_required_fields" time="0.562" /><testcase classname="backend.tests.test_narration_worldmap.TestIntelligenceMapRegions" name="test_global_risk_score_present" time="0.438" /><testcase classname="backend.tests.test_narration_worldmap.TestEventsFeedCategories" name="test_events_feed_has_categories" time="0.418" /><testcase classname="backend.tests.test_narration_worldmap.TestScenarioAnalysis" name="test_scenario_analysis_accepts_question" time="16.260" /></testsuite></testsuites>