<?xml version="1.0" encoding="utf-8"?><testsuites name="pytest tests"><testsuite name="pytest" errors="0" failures="0" skipped="0" tests="18" time="17.870" timestamp="2026-03-19T00:44:18.733236+00:00" hostname="agent-env-8829f184-3dbe-4525-bd40-dd55967ea045"><testcase classname="backend.tests.test_decision_trust_layer.TestAssetUniverse" name="test_asset_universe_returns_500_plus_assets" time="0.732" /><testcase classname="backend.tests.test_decision_trust_layer.TestAssetUniverse" name="test_asset_universe_search_btc" time="0.413" /><testcase classname="backend.tests.test_decision_trust_layer.TestAssetUniverse" name="test_asset_universe_filter_by_crypto" time="0.508" /><testcase classname="backend.tests.test_decision_trust_layer.TestAssetUniverse" name="test_asset_universe_filter_by_stock" time="0.414" /><testcase classname="backend.tests.test_decision_trust_layer.TestAssetUniverse" name="test_asset_universe_search_with_filter" time="0.414" /><testcase classname="backend.tests.test_decision_trust_layer.TestDecisionEngine" name="test_decision_btc_crypto" time="0.565" /><testcase classname="backend.tests.test_decision_trust_layer.TestDecisionEngine" name="test_decision_aapl_stock" time="1.014" /><testcase classname="backend.tests.test_decision_trust_layer.TestDecisionEngine" name="test_decision_auto_logs_signal" time="0.828" /><testcase classname="backend.tests.test_decision_trust_layer.TestBatchDecisions" name="test_top_opportunities_returns_signals" time="4.116" /><testcase classname="backend.tests.test_decision_trust_layer.TestBatchDecisions" name="test_top_opportunities_limit_param" time="2.090" /><testcase classname="backend.tests.test_decision_trust_layer.TestTrustLayer" name="test_performance_dashboard" time="0.396" /><testcase classname="backend.tests.test_decision_trust_layer.TestTrustLayer" name="test_verified_track_record" time="0.400" /><testcase classname="backend.tests.test_decision_trust_layer.TestTrustLayer" name="test_track_record_limit_param" time="0.405" /><testcase classname="backend.tests.test_decision_trust_layer.TestTrustLayer" name="test_signal_transparency" time="0.806" /><testcase classname="backend.tests.test_decision_trust_layer.TestTrustLayer" name="test_signal_transparency_not_found" time="0.405" /><testcase classname="backend.tests.test_decision_trust_layer.TestSignalLogging" name="test_signal_log_post" time="0.420" /><testcase classname="backend.tests.test_decision_trust_layer.TestSignalLogging" name="test_signal_log_validation" time="0.495" /><testcase classname="backend.tests.test_decision_trust_layer.TestIntegration" name="test_full_decision_to_trust_flow" time="3.345" /></testsuite></testsuites>