<?xml version="1.0" encoding="utf-8"?><testsuites name="pytest tests"><testsuite name="pytest" errors="0" failures="0" skipped="0" tests="26" time="32.909" timestamp="2026-03-18T06:35:28.219127+00:00" hostname="agent-env-4036b00e-f362-4301-89f2-b998e53e82f5"><testcase classname="backend.tests.test_unfair_advantage_features.TestAuthSetup" name="test_login_success" time="0.844" /><testcase classname="backend.tests.test_unfair_advantage_features.TestTraderDNA" name="test_trader_dna_requires_auth" time="0.506" /><testcase classname="backend.tests.test_unfair_advantage_features.TestTraderDNA" name="test_trader_dna_with_auth" time="1.104" /><testcase classname="backend.tests.test_unfair_advantage_features.TestStrategyMarketplace" name="test_marketplace_browse_no_auth" time="0.417" /><testcase classname="backend.tests.test_unfair_advantage_features.TestStrategyMarketplace" name="test_marketplace_filter_by_asset_class" time="1.628" /><testcase classname="backend.tests.test_unfair_advantage_features.TestStrategyMarketplace" name="test_marketplace_sort_options" time="1.249" /><testcase classname="backend.tests.test_unfair_advantage_features.TestStrategyMarketplace" name="test_strategy_structure" time="0.408" /><testcase classname="backend.tests.test_unfair_advantage_features.TestStrategyMarketplace" name="test_subscribe_requires_auth" time="0.884" /><testcase classname="backend.tests.test_unfair_advantage_features.TestStrategyMarketplace" name="test_subscribe_with_auth" time="1.449" /><testcase classname="backend.tests.test_unfair_advantage_features.TestStrategyMarketplace" name="test_subscribe_invalid_strategy" time="0.427" /><testcase classname="backend.tests.test_unfair_advantage_features.TestGlobalIntelligence" name="test_global_intelligence_no_auth" time="0.422" /><testcase classname="backend.tests.test_unfair_advantage_features.TestGlobalIntelligence" name="test_crowd_positioning_structure" time="0.417" /><testcase classname="backend.tests.test_unfair_advantage_features.TestGlobalIntelligence" name="test_smart_money_signals" time="0.399" /><testcase classname="backend.tests.test_unfair_advantage_features.TestOpportunityScanner" name="test_opportunity_scanner_no_auth" time="0.396" /><testcase classname="backend.tests.test_unfair_advantage_features.TestOpportunityScanner" name="test_opportunity_structure" time="0.410" /><testcase classname="backend.tests.test_unfair_advantage_features.TestOpportunityScanner" name="test_opportunity_confidence_range" time="0.428" /><testcase classname="backend.tests.test_unfair_advantage_features.TestTopTraders" name="test_top_traders_no_auth" time="0.402" /><testcase classname="backend.tests.test_unfair_advantage_features.TestTopTraders" name="test_trader_structure" time="0.427" /><testcase classname="backend.tests.test_unfair_advantage_features.TestTopTraders" name="test_traders_sorted_by_score" time="0.444" /><testcase classname="backend.tests.test_unfair_advantage_features.TestJarvisChallenge" name="test_jarvis_challenge_requires_auth" time="8.026" /><testcase classname="backend.tests.test_unfair_advantage_features.TestJarvisChallenge" name="test_jarvis_challenge_with_auth" time="9.876" /><testcase classname="backend.tests.test_unfair_advantage_features.TestTradeSimulator" name="test_simulate_trade" time="0.551" /><testcase classname="backend.tests.test_unfair_advantage_features.TestTradeSimulator" name="test_simulate_without_optional_params" time="0.398" /><testcase classname="backend.tests.test_unfair_advantage_features.TestPerformanceTrackRecord" name="test_performance_no_auth" time="0.445" /><testcase classname="backend.tests.test_unfair_advantage_features.TestPerformanceTrackRecord" name="test_strategy_breakdown" time="0.435" /><testcase classname="backend.tests.test_unfair_advantage_features.TestPerformanceTrackRecord" name="test_recent_signals" time="0.402" /></testsuite></testsuites>